{
"contracts/RenPool.sol":{"l":{"68":3,"69":3,"70":3,"71":3,"72":3,"73":3,"74":3,"75":3,"76":3,"77":3,"78":3,"79":3,"85":2,"89":2,"93":0,"97":0,"101":0,"105":0,"113":1,"114":1,"118":0,"119":0,"120":0,"132":1,"134":1,"135":1,"136":1,"138":1,"139":1,"141":1,"143":1,"144":1,"147":1,"154":0,"155":0,"157":0,"158":0,"160":0,"161":0,"163":0,"168":0,"177":0,"178":0,"180":0,"181":0,"183":0,"192":0,"193":0,"198":0,"200":0,"201":0,"202":0,"205":0,"209":0,"226":0,"234":1,"236":1,"256":1,"258":1,"260":1,"261":1,"273":0,"284":0,"291":0,"298":0,"299":0,"300":0,"322":1,"323":1,"324":1,"326":1},"path":"/home/runner/work/renpool/renpool/contracts/RenPool.sol","s":{"1":3,"2":3,"3":3,"4":3,"5":3,"6":3,"7":3,"8":3,"9":3,"10":3,"11":3,"12":3,"13":2,"14":0,"15":0,"16":1,"17":1,"18":0,"19":0,"20":0,"21":1,"22":1,"23":1,"24":1,"25":1,"26":1,"27":1,"28":1,"29":1,"30":1,"31":0,"32":0,"33":0,"34":0,"35":0,"36":0,"37":0,"38":0,"39":0,"40":0,"41":0,"42":0,"43":0,"44":0,"45":0,"46":0,"47":0,"48":0,"49":0,"50":0,"51":0,"52":1,"53":1,"54":1,"55":1,"56":1,"57":1,"58":0,"59":0,"60":0,"61":0,"62":0,"63":1,"64":1,"65":1,"66":1},"b":{"1":[2,0],"2":[0,0],"3":[0,0],"4":[0,0],"5":[1,0],"6":[1,0],"7":[1,0],"8":[1,0],"9":[1,0],"10":[0,0],"11":[0,0],"12":[0,0],"13":[0,0],"14":[0,0],"15":[0,0],"16":[0,0],"17":[0,0],"18":[1,0],"19":[1,0],"20":[1,0]},"f":{"1":3,"2":2,"3":0,"4":0,"5":1,"6":0,"7":1,"8":0,"9":0,"10":0,"11":0,"12":1,"13":1,"14":0,"15":0,"16":0,"17":1},"fnMap":{"1":{"name":"constructor","line":58,"loc":{"start":{"line":58,"column":1},"end":{"line":82,"column":1}}},"2":{"name":"onlyNodeOperator","line":84,"loc":{"start":{"line":84,"column":1},"end":{"line":90,"column":1}}},"3":{"name":"onlyOwnerNodeOperator","line":92,"loc":{"start":{"line":92,"column":1},"end":{"line":98,"column":1}}},"4":{"name":"onlyOwner","line":100,"loc":{"start":{"line":100,"column":1},"end":{"line":106,"column":1}}},"5":{"name":"_lockPool","line":112,"loc":{"start":{"line":112,"column":1},"end":{"line":115,"column":1}}},"6":{"name":"unlockPool","line":117,"loc":{"start":{"line":117,"column":1},"end":{"line":121,"column":1}}},"7":{"name":"deposit","line":131,"loc":{"start":{"line":131,"column":1},"end":{"line":148,"column":1}}},"8":{"name":"withdraw","line":153,"loc":{"start":{"line":153,"column":1},"end":{"line":169,"column":1}}},"9":{"name":"requestWithdraw","line":176,"loc":{"start":{"line":176,"column":1},"end":{"line":186,"column":1}}},"10":{"name":"fulfillWithdrawRequest","line":191,"loc":{"start":{"line":191,"column":1},"end":{"line":215,"column":1}}},"11":{"name":"balanceOf","line":225,"loc":{"start":{"line":225,"column":1},"end":{"line":227,"column":1}}},"12":{"name":"approveBondTransfer","line":233,"loc":{"start":{"line":233,"column":1},"end":{"line":240,"column":1}}},"13":{"name":"registerDarknode","line":255,"loc":{"start":{"line":255,"column":1},"end":{"line":262,"column":1}}},"14":{"name":"deregisterDarknode","line":272,"loc":{"start":{"line":272,"column":1},"end":{"line":274,"column":1}}},"15":{"name":"refundBond","line":283,"loc":{"start":{"line":283,"column":1},"end":{"line":285,"column":1}}},"16":{"name":"withdrawGas","line":297,"loc":{"start":{"line":297,"column":1},"end":{"line":301,"column":1}}},"17":{"name":"claimDarknodeRewards","line":313,"loc":{"start":{"line":313,"column":1},"end":{"line":363,"column":1}}}},"statementMap":{"1":{"start":{"line":68,"column":2},"end":{"line":68,"column":15}},"2":{"start":{"line":69,"column":2},"end":{"line":69,"column":26}},"3":{"start":{"line":70,"column":2},"end":{"line":70,"column":33}},"4":{"start":{"line":71,"column":2},"end":{"line":71,"column":60}},"5":{"start":{"line":72,"column":2},"end":{"line":72,"column":57}},"6":{"start":{"line":73,"column":2},"end":{"line":73,"column":50}},"7":{"start":{"line":74,"column":2},"end":{"line":74,"column":33}},"8":{"start":{"line":75,"column":2},"end":{"line":75,"column":13}},"9":{"start":{"line":76,"column":2},"end":{"line":76,"column":17}},"10":{"start":{"line":77,"column":2},"end":{"line":77,"column":16}},"11":{"start":{"line":78,"column":2},"end":{"line":78,"column":13}},"12":{"start":{"line":79,"column":2},"end":{"line":79,"column":20}},"13":{"start":{"line":85,"column":2},"end":{"line":85,"column":2719}},"14":{"start":{"line":93,"column":2},"end":{"line":93,"column":2854}},"15":{"start":{"line":101,"column":2},"end":{"line":101,"column":3010}},"16":{"start":{"line":113,"column":2},"end":{"line":113,"column":16}},"17":{"start":{"line":114,"column":2},"end":{"line":114,"column":19}},"18":{"start":{"line":118,"column":2},"end":{"line":118,"column":71}},"19":{"start":{"line":119,"column":2},"end":{"line":119,"column":17}},"20":{"start":{"line":120,"column":2},"end":{"line":120,"column":21}},"21":{"start":{"line":132,"column":2},"end":{"line":132,"column":29}},"22":{"start":{"line":134,"column":2},"end":{"line":134,"column":46}},"23":{"start":{"line":135,"column":2},"end":{"line":135,"column":48}},"24":{"start":{"line":136,"column":2},"end":{"line":136,"column":73}},"25":{"start":{"line":138,"column":2},"end":{"line":138,"column":28}},"26":{"start":{"line":139,"column":2},"end":{"line":139,"column":23}},"27":{"start":{"line":141,"column":2},"end":{"line":141,"column":36}},"28":{"start":{"line":143,"column":2},"end":{"line":143,"column":4114}},"29":{"start":{"line":144,"column":3},"end":{"line":144,"column":13}},"30":{"start":{"line":147,"column":2},"end":{"line":147,"column":90}},"31":{"start":{"line":154,"column":2},"end":{"line":154,"column":29}},"32":{"start":{"line":155,"column":2},"end":{"line":155,"column":42}},"33":{"start":{"line":157,"column":2},"end":{"line":157,"column":77}},"34":{"start":{"line":158,"column":2},"end":{"line":158,"column":37}},"35":{"start":{"line":160,"column":2},"end":{"line":160,"column":23}},"36":{"start":{"line":161,"column":2},"end":{"line":161,"column":28}},"37":{"start":{"line":163,"column":2},"end":{"line":163,"column":4635}},"38":{"start":{"line":168,"column":2},"end":{"line":168,"column":36}},"39":{"start":{"line":177,"column":2},"end":{"line":177,"column":29}},"40":{"start":{"line":178,"column":2},"end":{"line":178,"column":42}},"41":{"start":{"line":180,"column":2},"end":{"line":180,"column":77}},"42":{"start":{"line":181,"column":2},"end":{"line":181,"column":40}},"43":{"start":{"line":183,"column":2},"end":{"line":183,"column":35}},"44":{"start":{"line":192,"column":2},"end":{"line":192,"column":29}},"45":{"start":{"line":193,"column":2},"end":{"line":193,"column":44}},"46":{"start":{"line":198,"column":2},"end":{"line":198,"column":40}},"47":{"start":{"line":200,"column":2},"end":{"line":200,"column":27}},"48":{"start":{"line":201,"column":2},"end":{"line":201,"column":28}},"49":{"start":{"line":205,"column":2},"end":{"line":205,"column":5771}},"50":{"start":{"line":209,"column":2},"end":{"line":209,"column":5864}},"51":{"start":{"line":226,"column":2},"end":{"line":226,"column":26}},"52":{"start":{"line":234,"column":2},"end":{"line":234,"column":40}},"53":{"start":{"line":236,"column":2},"end":{"line":236,"column":6448}},"54":{"start":{"line":256,"column":2},"end":{"line":256,"column":40}},"55":{"start":{"line":258,"column":2},"end":{"line":258,"column":51}},"56":{"start":{"line":260,"column":2},"end":{"line":260,"column":25}},"57":{"start":{"line":261,"column":2},"end":{"line":261,"column":23}},"58":{"start":{"line":273,"column":2},"end":{"line":273,"column":40}},"59":{"start":{"line":284,"column":2},"end":{"line":284,"column":36}},"60":{"start":{"line":298,"column":2},"end":{"line":298,"column":41}},"61":{"start":{"line":299,"column":2},"end":{"line":299,"column":40}},"62":{"start":{"line":300,"column":2},"end":{"line":300,"column":42}},"63":{"start":{"line":322,"column":2},"end":{"line":322,"column":32}},"64":{"start":{"line":323,"column":2},"end":{"line":323,"column":101}},"65":{"start":{"line":324,"column":4},"end":{"line":324,"column":30}},"66":{"start":{"line":326,"column":4},"end":{"line":326,"column":16}}},"branchMap":{"1":{"line":85,"type":"if","locations":[{"start":{"line":85,"column":2},"end":{"line":85,"column":2}},{"start":{"line":85,"column":2},"end":{"line":85,"column":2}}]},"2":{"line":93,"type":"if","locations":[{"start":{"line":93,"column":2},"end":{"line":93,"column":2}},{"start":{"line":93,"column":2},"end":{"line":93,"column":2}}]},"3":{"line":101,"type":"if","locations":[{"start":{"line":101,"column":2},"end":{"line":101,"column":2}},{"start":{"line":101,"column":2},"end":{"line":101,"column":2}}]},"4":{"line":118,"type":"if","locations":[{"start":{"line":118,"column":2},"end":{"line":118,"column":2}},{"start":{"line":118,"column":2},"end":{"line":118,"column":2}}]},"5":{"line":134,"type":"if","locations":[{"start":{"line":134,"column":2},"end":{"line":134,"column":2}},{"start":{"line":134,"column":2},"end":{"line":134,"column":2}}]},"6":{"line":135,"type":"if","locations":[{"start":{"line":135,"column":2},"end":{"line":135,"column":2}},{"start":{"line":135,"column":2},"end":{"line":135,"column":2}}]},"7":{"line":136,"type":"if","locations":[{"start":{"line":136,"column":2},"end":{"line":136,"column":2}},{"start":{"line":136,"column":2},"end":{"line":136,"column":2}}]},"8":{"line":143,"type":"if","locations":[{"start":{"line":143,"column":2},"end":{"line":143,"column":2}},{"start":{"line":143,"column":2},"end":{"line":143,"column":2}}]},"9":{"line":147,"type":"if","locations":[{"start":{"line":147,"column":2},"end":{"line":147,"column":2}},{"start":{"line":147,"column":2},"end":{"line":147,"column":2}}]},"10":{"line":157,"type":"if","locations":[{"start":{"line":157,"column":2},"end":{"line":157,"column":2}},{"start":{"line":157,"column":2},"end":{"line":157,"column":2}}]},"11":{"line":158,"type":"if","locations":[{"start":{"line":158,"column":2},"end":{"line":158,"column":2}},{"start":{"line":158,"column":2},"end":{"line":158,"column":2}}]},"12":{"line":163,"type":"if","locations":[{"start":{"line":163,"column":2},"end":{"line":163,"column":2}},{"start":{"line":163,"column":2},"end":{"line":163,"column":2}}]},"13":{"line":180,"type":"if","locations":[{"start":{"line":180,"column":2},"end":{"line":180,"column":2}},{"start":{"line":180,"column":2},"end":{"line":180,"column":2}}]},"14":{"line":181,"type":"if","locations":[{"start":{"line":181,"column":2},"end":{"line":181,"column":2}},{"start":{"line":181,"column":2},"end":{"line":181,"column":2}}]},"15":{"line":198,"type":"if","locations":[{"start":{"line":198,"column":2},"end":{"line":198,"column":2}},{"start":{"line":198,"column":2},"end":{"line":198,"column":2}}]},"16":{"line":205,"type":"if","locations":[{"start":{"line":205,"column":2},"end":{"line":205,"column":2}},{"start":{"line":205,"column":2},"end":{"line":205,"column":2}}]},"17":{"line":209,"type":"if","locations":[{"start":{"line":209,"column":2},"end":{"line":209,"column":2}},{"start":{"line":209,"column":2},"end":{"line":209,"column":2}}]},"18":{"line":234,"type":"if","locations":[{"start":{"line":234,"column":2},"end":{"line":234,"column":2}},{"start":{"line":234,"column":2},"end":{"line":234,"column":2}}]},"19":{"line":236,"type":"if","locations":[{"start":{"line":236,"column":2},"end":{"line":236,"column":2}},{"start":{"line":236,"column":2},"end":{"line":236,"column":2}}]},"20":{"line":256,"type":"if","locations":[{"start":{"line":256,"column":2},"end":{"line":256,"column":2}},{"start":{"line":256,"column":2},"end":{"line":256,"column":2}}]}}}}
