{
"contracts/RenPool.sol":{"l":{"70":3,"71":3,"72":3,"73":3,"74":3,"75":3,"76":3,"77":3,"78":3,"79":3,"80":3,"81":3,"87":2,"91":2,"95":0,"99":0,"103":0,"107":0,"115":1,"116":1,"120":0,"121":0,"122":0,"134":1,"136":1,"137":1,"138":1,"140":1,"141":1,"143":1,"145":1,"146":1,"149":1,"156":0,"157":0,"159":0,"160":0,"162":0,"163":0,"165":0,"170":0,"179":0,"180":0,"182":0,"183":0,"185":0,"194":0,"195":0,"200":0,"202":0,"203":0,"204":0,"207":0,"211":0,"228":0,"236":1,"238":1,"258":1,"260":1,"262":1,"263":1,"275":0,"286":0,"293":0,"300":0,"301":0,"302":0,"326":1,"327":1,"329":1,"330":1,"355":0,"358":0,"360":0,"361":0,"363":0},"path":"/home/runner/work/renpool/renpool/contracts/RenPool.sol","s":{"1":3,"2":3,"3":3,"4":3,"5":3,"6":3,"7":3,"8":3,"9":3,"10":3,"11":3,"12":3,"13":2,"14":0,"15":0,"16":1,"17":1,"18":0,"19":0,"20":0,"21":1,"22":1,"23":1,"24":1,"25":1,"26":1,"27":1,"28":1,"29":1,"30":1,"31":0,"32":0,"33":0,"34":0,"35":0,"36":0,"37":0,"38":0,"39":0,"40":0,"41":0,"42":0,"43":0,"44":0,"45":0,"46":0,"47":0,"48":0,"49":0,"50":0,"51":0,"52":1,"53":1,"54":1,"55":1,"56":1,"57":1,"58":0,"59":0,"60":0,"61":0,"62":0,"63":1,"64":1,"65":1,"66":1,"67":0,"68":0,"69":0,"70":0,"71":0},"b":{"1":[2,0],"2":[0,0],"3":[0,0],"4":[0,0],"5":[1,0],"6":[1,0],"7":[1,0],"8":[1,0],"9":[1,0],"10":[0,0],"11":[0,0],"12":[0,0],"13":[0,0],"14":[0,0],"15":[0,0],"16":[0,0],"17":[0,0],"18":[1,0],"19":[1,0],"20":[1,0]},"f":{"1":3,"2":2,"3":0,"4":0,"5":1,"6":0,"7":1,"8":0,"9":0,"10":0,"11":0,"12":1,"13":1,"14":0,"15":0,"16":0,"17":1,"18":0},"fnMap":{"1":{"name":"constructor","line":60,"loc":{"start":{"line":60,"column":1},"end":{"line":84,"column":1}}},"2":{"name":"onlyNodeOperator","line":86,"loc":{"start":{"line":86,"column":1},"end":{"line":92,"column":1}}},"3":{"name":"onlyOwnerNodeOperator","line":94,"loc":{"start":{"line":94,"column":1},"end":{"line":100,"column":1}}},"4":{"name":"onlyOwner","line":102,"loc":{"start":{"line":102,"column":1},"end":{"line":108,"column":1}}},"5":{"name":"_lockPool","line":114,"loc":{"start":{"line":114,"column":1},"end":{"line":117,"column":1}}},"6":{"name":"unlockPool","line":119,"loc":{"start":{"line":119,"column":1},"end":{"line":123,"column":1}}},"7":{"name":"deposit","line":133,"loc":{"start":{"line":133,"column":1},"end":{"line":150,"column":1}}},"8":{"name":"withdraw","line":155,"loc":{"start":{"line":155,"column":1},"end":{"line":171,"column":1}}},"9":{"name":"requestWithdraw","line":178,"loc":{"start":{"line":178,"column":1},"end":{"line":188,"column":1}}},"10":{"name":"fulfillWithdrawRequest","line":193,"loc":{"start":{"line":193,"column":1},"end":{"line":217,"column":1}}},"11":{"name":"balanceOf","line":227,"loc":{"start":{"line":227,"column":1},"end":{"line":229,"column":1}}},"12":{"name":"approveBondTransfer","line":235,"loc":{"start":{"line":235,"column":1},"end":{"line":242,"column":1}}},"13":{"name":"registerDarknode","line":257,"loc":{"start":{"line":257,"column":1},"end":{"line":264,"column":1}}},"14":{"name":"deregisterDarknode","line":274,"loc":{"start":{"line":274,"column":1},"end":{"line":276,"column":1}}},"15":{"name":"refundBond","line":285,"loc":{"start":{"line":285,"column":1},"end":{"line":287,"column":1}}},"16":{"name":"withdrawGas","line":299,"loc":{"start":{"line":299,"column":1},"end":{"line":303,"column":1}}},"17":{"name":"claimRewardsToChain","line":316,"loc":{"start":{"line":316,"column":1},"end":{"line":331,"column":2}}},"18":{"name":"mintRewards","line":346,"loc":{"start":{"line":346,"column":2},"end":{"line":364,"column":1}}}},"statementMap":{"1":{"start":{"line":70,"column":2},"end":{"line":70,"column":15}},"2":{"start":{"line":71,"column":2},"end":{"line":71,"column":26}},"3":{"start":{"line":72,"column":2},"end":{"line":72,"column":33}},"4":{"start":{"line":73,"column":2},"end":{"line":73,"column":60}},"5":{"start":{"line":74,"column":2},"end":{"line":74,"column":57}},"6":{"start":{"line":75,"column":2},"end":{"line":75,"column":50}},"7":{"start":{"line":76,"column":2},"end":{"line":76,"column":57}},"8":{"start":{"line":77,"column":2},"end":{"line":77,"column":13}},"9":{"start":{"line":78,"column":2},"end":{"line":78,"column":17}},"10":{"start":{"line":79,"column":2},"end":{"line":79,"column":16}},"11":{"start":{"line":80,"column":2},"end":{"line":80,"column":13}},"12":{"start":{"line":81,"column":2},"end":{"line":81,"column":20}},"13":{"start":{"line":87,"column":2},"end":{"line":87,"column":3008}},"14":{"start":{"line":95,"column":2},"end":{"line":95,"column":3143}},"15":{"start":{"line":103,"column":2},"end":{"line":103,"column":3299}},"16":{"start":{"line":115,"column":2},"end":{"line":115,"column":16}},"17":{"start":{"line":116,"column":2},"end":{"line":116,"column":19}},"18":{"start":{"line":120,"column":2},"end":{"line":120,"column":71}},"19":{"start":{"line":121,"column":2},"end":{"line":121,"column":17}},"20":{"start":{"line":122,"column":2},"end":{"line":122,"column":21}},"21":{"start":{"line":134,"column":2},"end":{"line":134,"column":29}},"22":{"start":{"line":136,"column":2},"end":{"line":136,"column":46}},"23":{"start":{"line":137,"column":2},"end":{"line":137,"column":48}},"24":{"start":{"line":138,"column":2},"end":{"line":138,"column":73}},"25":{"start":{"line":140,"column":2},"end":{"line":140,"column":28}},"26":{"start":{"line":141,"column":2},"end":{"line":141,"column":23}},"27":{"start":{"line":143,"column":2},"end":{"line":143,"column":36}},"28":{"start":{"line":145,"column":2},"end":{"line":145,"column":4403}},"29":{"start":{"line":146,"column":3},"end":{"line":146,"column":13}},"30":{"start":{"line":149,"column":2},"end":{"line":149,"column":90}},"31":{"start":{"line":156,"column":2},"end":{"line":156,"column":29}},"32":{"start":{"line":157,"column":2},"end":{"line":157,"column":42}},"33":{"start":{"line":159,"column":2},"end":{"line":159,"column":77}},"34":{"start":{"line":160,"column":2},"end":{"line":160,"column":37}},"35":{"start":{"line":162,"column":2},"end":{"line":162,"column":23}},"36":{"start":{"line":163,"column":2},"end":{"line":163,"column":28}},"37":{"start":{"line":165,"column":2},"end":{"line":165,"column":4924}},"38":{"start":{"line":170,"column":2},"end":{"line":170,"column":36}},"39":{"start":{"line":179,"column":2},"end":{"line":179,"column":29}},"40":{"start":{"line":180,"column":2},"end":{"line":180,"column":42}},"41":{"start":{"line":182,"column":2},"end":{"line":182,"column":77}},"42":{"start":{"line":183,"column":2},"end":{"line":183,"column":40}},"43":{"start":{"line":185,"column":2},"end":{"line":185,"column":35}},"44":{"start":{"line":194,"column":2},"end":{"line":194,"column":29}},"45":{"start":{"line":195,"column":2},"end":{"line":195,"column":44}},"46":{"start":{"line":200,"column":2},"end":{"line":200,"column":40}},"47":{"start":{"line":202,"column":2},"end":{"line":202,"column":27}},"48":{"start":{"line":203,"column":2},"end":{"line":203,"column":28}},"49":{"start":{"line":207,"column":2},"end":{"line":207,"column":6060}},"50":{"start":{"line":211,"column":2},"end":{"line":211,"column":6153}},"51":{"start":{"line":228,"column":2},"end":{"line":228,"column":26}},"52":{"start":{"line":236,"column":2},"end":{"line":236,"column":40}},"53":{"start":{"line":238,"column":2},"end":{"line":238,"column":6737}},"54":{"start":{"line":258,"column":2},"end":{"line":258,"column":40}},"55":{"start":{"line":260,"column":2},"end":{"line":260,"column":51}},"56":{"start":{"line":262,"column":2},"end":{"line":262,"column":25}},"57":{"start":{"line":263,"column":2},"end":{"line":263,"column":23}},"58":{"start":{"line":275,"column":2},"end":{"line":275,"column":40}},"59":{"start":{"line":286,"column":2},"end":{"line":286,"column":36}},"60":{"start":{"line":300,"column":2},"end":{"line":300,"column":41}},"61":{"start":{"line":301,"column":2},"end":{"line":301,"column":40}},"62":{"start":{"line":302,"column":2},"end":{"line":302,"column":42}},"63":{"start":{"line":326,"column":2},"end":{"line":326,"column":32}},"64":{"start":{"line":327,"column":2},"end":{"line":327,"column":101}},"65":{"start":{"line":329,"column":4},"end":{"line":329,"column":51}},"66":{"start":{"line":330,"column":4},"end":{"line":330,"column":16}},"67":{"start":{"line":355,"column":4},"end":{"line":355,"column":74}},"68":{"start":{"line":358,"column":2},"end":{"line":358,"column":63}},"69":{"start":{"line":360,"column":4},"end":{"line":360,"column":107}},"70":{"start":{"line":361,"column":4},"end":{"line":361,"column":40}},"71":{"start":{"line":363,"column":4},"end":{"line":363,"column":46}}},"branchMap":{"1":{"line":87,"type":"if","locations":[{"start":{"line":87,"column":2},"end":{"line":87,"column":2}},{"start":{"line":87,"column":2},"end":{"line":87,"column":2}}]},"2":{"line":95,"type":"if","locations":[{"start":{"line":95,"column":2},"end":{"line":95,"column":2}},{"start":{"line":95,"column":2},"end":{"line":95,"column":2}}]},"3":{"line":103,"type":"if","locations":[{"start":{"line":103,"column":2},"end":{"line":103,"column":2}},{"start":{"line":103,"column":2},"end":{"line":103,"column":2}}]},"4":{"line":120,"type":"if","locations":[{"start":{"line":120,"column":2},"end":{"line":120,"column":2}},{"start":{"line":120,"column":2},"end":{"line":120,"column":2}}]},"5":{"line":136,"type":"if","locations":[{"start":{"line":136,"column":2},"end":{"line":136,"column":2}},{"start":{"line":136,"column":2},"end":{"line":136,"column":2}}]},"6":{"line":137,"type":"if","locations":[{"start":{"line":137,"column":2},"end":{"line":137,"column":2}},{"start":{"line":137,"column":2},"end":{"line":137,"column":2}}]},"7":{"line":138,"type":"if","locations":[{"start":{"line":138,"column":2},"end":{"line":138,"column":2}},{"start":{"line":138,"column":2},"end":{"line":138,"column":2}}]},"8":{"line":145,"type":"if","locations":[{"start":{"line":145,"column":2},"end":{"line":145,"column":2}},{"start":{"line":145,"column":2},"end":{"line":145,"column":2}}]},"9":{"line":149,"type":"if","locations":[{"start":{"line":149,"column":2},"end":{"line":149,"column":2}},{"start":{"line":149,"column":2},"end":{"line":149,"column":2}}]},"10":{"line":159,"type":"if","locations":[{"start":{"line":159,"column":2},"end":{"line":159,"column":2}},{"start":{"line":159,"column":2},"end":{"line":159,"column":2}}]},"11":{"line":160,"type":"if","locations":[{"start":{"line":160,"column":2},"end":{"line":160,"column":2}},{"start":{"line":160,"column":2},"end":{"line":160,"column":2}}]},"12":{"line":165,"type":"if","locations":[{"start":{"line":165,"column":2},"end":{"line":165,"column":2}},{"start":{"line":165,"column":2},"end":{"line":165,"column":2}}]},"13":{"line":182,"type":"if","locations":[{"start":{"line":182,"column":2},"end":{"line":182,"column":2}},{"start":{"line":182,"column":2},"end":{"line":182,"column":2}}]},"14":{"line":183,"type":"if","locations":[{"start":{"line":183,"column":2},"end":{"line":183,"column":2}},{"start":{"line":183,"column":2},"end":{"line":183,"column":2}}]},"15":{"line":200,"type":"if","locations":[{"start":{"line":200,"column":2},"end":{"line":200,"column":2}},{"start":{"line":200,"column":2},"end":{"line":200,"column":2}}]},"16":{"line":207,"type":"if","locations":[{"start":{"line":207,"column":2},"end":{"line":207,"column":2}},{"start":{"line":207,"column":2},"end":{"line":207,"column":2}}]},"17":{"line":211,"type":"if","locations":[{"start":{"line":211,"column":2},"end":{"line":211,"column":2}},{"start":{"line":211,"column":2},"end":{"line":211,"column":2}}]},"18":{"line":236,"type":"if","locations":[{"start":{"line":236,"column":2},"end":{"line":236,"column":2}},{"start":{"line":236,"column":2},"end":{"line":236,"column":2}}]},"19":{"line":238,"type":"if","locations":[{"start":{"line":238,"column":2},"end":{"line":238,"column":2}},{"start":{"line":238,"column":2},"end":{"line":238,"column":2}}]},"20":{"line":258,"type":"if","locations":[{"start":{"line":258,"column":2},"end":{"line":258,"column":2}},{"start":{"line":258,"column":2},"end":{"line":258,"column":2}}]}}}}
