TN:
SF:/home/runner/work/renpool/renpool/contracts/RenPool.sol
FN:58,constructor
FN:84,onlyNodeOperator
FN:92,onlyOwnerNodeOperator
FN:100,onlyOwner
FN:112,_lockPool
FN:117,unlockPool
FN:131,deposit
FN:153,withdraw
FN:176,requestWithdraw
FN:191,fulfillWithdrawRequest
FN:225,balanceOf
FN:233,approveBondTransfer
FN:255,registerDarknode
FN:272,deregisterDarknode
FN:283,refundBond
FN:297,withdrawGas
FN:313,claimDarknodeRewards
FNF:17
FNH:7
FNDA:3,constructor
FNDA:2,onlyNodeOperator
FNDA:0,onlyOwnerNodeOperator
FNDA:0,onlyOwner
FNDA:1,_lockPool
FNDA:0,unlockPool
FNDA:1,deposit
FNDA:0,withdraw
FNDA:0,requestWithdraw
FNDA:0,fulfillWithdrawRequest
FNDA:0,balanceOf
FNDA:1,approveBondTransfer
FNDA:1,registerDarknode
FNDA:0,deregisterDarknode
FNDA:0,refundBond
FNDA:0,withdrawGas
FNDA:1,claimDarknodeRewards
DA:68,3
DA:69,3
DA:70,3
DA:71,3
DA:72,3
DA:73,3
DA:74,3
DA:75,3
DA:76,3
DA:77,3
DA:78,3
DA:79,3
DA:85,2
DA:89,2
DA:93,0
DA:97,0
DA:101,0
DA:105,0
DA:113,1
DA:114,1
DA:118,0
DA:119,0
DA:120,0
DA:132,1
DA:134,1
DA:135,1
DA:136,1
DA:138,1
DA:139,1
DA:141,1
DA:143,1
DA:144,1
DA:147,1
DA:154,0
DA:155,0
DA:157,0
DA:158,0
DA:160,0
DA:161,0
DA:163,0
DA:168,0
DA:177,0
DA:178,0
DA:180,0
DA:181,0
DA:183,0
DA:192,0
DA:193,0
DA:198,0
DA:200,0
DA:201,0
DA:202,0
DA:205,0
DA:209,0
DA:226,0
DA:234,1
DA:236,1
DA:256,1
DA:258,1
DA:260,1
DA:261,1
DA:273,0
DA:284,0
DA:291,0
DA:298,0
DA:299,0
DA:300,0
DA:322,1
DA:323,1
DA:324,1
DA:326,1
LF:71
LH:36
BRDA:85,1,0,2
BRDA:85,1,1,0
BRDA:93,2,0,0
BRDA:93,2,1,0
BRDA:101,3,0,0
BRDA:101,3,1,0
BRDA:118,4,0,0
BRDA:118,4,1,0
BRDA:134,5,0,1
BRDA:134,5,1,0
BRDA:135,6,0,1
BRDA:135,6,1,0
BRDA:136,7,0,1
BRDA:136,7,1,0
BRDA:143,8,0,1
BRDA:143,8,1,0
BRDA:147,9,0,1
BRDA:147,9,1,0
BRDA:157,10,0,0
BRDA:157,10,1,0
BRDA:158,11,0,0
BRDA:158,11,1,0
BRDA:163,12,0,0
BRDA:163,12,1,0
BRDA:180,13,0,0
BRDA:180,13,1,0
BRDA:181,14,0,0
BRDA:181,14,1,0
BRDA:198,15,0,0
BRDA:198,15,1,0
BRDA:205,16,0,0
BRDA:205,16,1,0
BRDA:209,17,0,0
BRDA:209,17,1,0
BRDA:234,18,0,1
BRDA:234,18,1,0
BRDA:236,19,0,1
BRDA:236,19,1,0
BRDA:256,20,0,1
BRDA:256,20,1,0
BRF:40
BRH:9
end_of_record
