TN:
SF:/home/runner/work/renpool/renpool/contracts/RenPool.sol
FN:59,constructor
FN:86,onlyNodeOperator
FN:94,onlyOwnerNodeOperator
FN:102,onlyOwner
FN:114,_lockPool
FN:119,unlockPool
FN:133,deposit
FN:155,withdraw
FN:178,requestWithdraw
FN:193,fulfillWithdrawRequest
FN:227,balanceOf
FN:235,approveBondTransfer
FN:257,registerDarknode
FN:274,deregisterDarknode
FN:285,refundBond
FN:299,withdrawGas
FN:310,transferRewardsToDarknodeOwner
FN:324,claimDarknodeRewards
FNF:18
FNH:15
FNDA:3,constructor
FNDA:18,onlyNodeOperator
FNDA:6,onlyOwnerNodeOperator
FNDA:0,onlyOwner
FNDA:15,_lockPool
FNDA:3,unlockPool
FNDA:24,deposit
FNDA:4,withdraw
FNDA:2,requestWithdraw
FNDA:2,fulfillWithdrawRequest
FNDA:9,balanceOf
FNDA:8,approveBondTransfer
FNDA:9,registerDarknode
FNDA:2,deregisterDarknode
FNDA:1,refundBond
FNDA:0,withdrawGas
FNDA:1,transferRewardsToDarknodeOwner
FNDA:0,claimDarknodeRewards
DA:69,3
DA:70,3
DA:71,3
DA:72,3
DA:73,3
DA:74,3
DA:75,3
DA:76,3
DA:77,3
DA:78,3
DA:79,3
DA:80,3
DA:81,3
DA:87,18
DA:91,17
DA:95,6
DA:99,5
DA:103,0
DA:107,0
DA:115,15
DA:116,15
DA:120,3
DA:121,3
DA:122,3
DA:134,24
DA:136,24
DA:137,23
DA:138,22
DA:140,19
DA:141,19
DA:143,19
DA:145,19
DA:146,15
DA:149,19
DA:156,4
DA:157,4
DA:159,4
DA:160,4
DA:162,4
DA:163,4
DA:165,4
DA:170,4
DA:179,2
DA:180,2
DA:182,2
DA:183,2
DA:185,2
DA:194,2
DA:195,2
DA:200,2
DA:202,2
DA:203,2
DA:204,2
DA:207,2
DA:211,2
DA:228,9
DA:236,8
DA:238,8
DA:258,9
DA:260,9
DA:262,7
DA:263,7
DA:275,2
DA:286,1
DA:293,0
DA:300,0
DA:301,0
DA:302,0
DA:311,1
DA:333,0
DA:334,0
DA:335,0
DA:337,0
LF:73
LH:63
BRDA:87,1,0,17
BRDA:87,1,1,1
BRDA:95,2,0,5
BRDA:95,2,1,1
BRDA:103,3,0,0
BRDA:103,3,1,0
BRDA:120,4,0,3
BRDA:120,4,1,0
BRDA:136,5,0,23
BRDA:136,5,1,1
BRDA:137,6,0,22
BRDA:137,6,1,1
BRDA:138,7,0,19
BRDA:138,7,1,3
BRDA:145,8,0,15
BRDA:145,8,1,4
BRDA:149,9,0,18
BRDA:149,9,1,1
BRDA:159,10,0,4
BRDA:159,10,1,0
BRDA:160,11,0,4
BRDA:160,11,1,0
BRDA:165,12,0,4
BRDA:165,12,1,0
BRDA:182,13,0,2
BRDA:182,13,1,0
BRDA:183,14,0,2
BRDA:183,14,1,0
BRDA:200,15,0,2
BRDA:200,15,1,0
BRDA:207,16,0,2
BRDA:207,16,1,0
BRDA:211,17,0,2
BRDA:211,17,1,0
BRDA:236,18,0,8
BRDA:236,18,1,0
BRDA:238,19,0,8
BRDA:238,19,1,0
BRDA:258,20,0,9
BRDA:258,20,1,0
BRF:40
BRH:26
end_of_record
