TN:
SF:/home/runner/work/renpool/renpool/contracts/RenPool.sol
FN:59,constructor
FN:86,onlyNodeOperator
FN:94,onlyOwnerNodeOperator
FN:102,onlyOwner
FN:114,_lockPool
FN:119,unlockPool
FN:133,deposit
FN:155,withdraw
FN:178,requestWithdraw
FN:193,fulfillWithdrawRequest
FN:227,balanceOf
FN:235,approveBondTransfer
FN:257,registerDarknode
FN:274,deregisterDarknode
FN:285,refundBond
FN:299,withdrawGas
FN:310,transferRewardsToDarknodeOwner
FN:324,claimDarknodeRewards
FNF:18
FNH:13
FNDA:39,constructor
FNDA:2,onlyNodeOperator
FNDA:2,onlyOwnerNodeOperator
FNDA:0,onlyOwner
FNDA:6,_lockPool
FNDA:2,unlockPool
FNDA:13,deposit
FNDA:2,withdraw
FNDA:1,requestWithdraw
FNDA:1,fulfillWithdrawRequest
FNDA:4,balanceOf
FNDA:1,approveBondTransfer
FNDA:1,registerDarknode
FNDA:0,deregisterDarknode
FNDA:0,refundBond
FNDA:0,withdrawGas
FNDA:1,transferRewardsToDarknodeOwner
FNDA:0,claimDarknodeRewards
DA:69,39
DA:70,39
DA:71,39
DA:72,39
DA:73,39
DA:74,39
DA:75,39
DA:76,39
DA:77,39
DA:78,39
DA:79,39
DA:80,39
DA:81,39
DA:87,2
DA:91,2
DA:95,2
DA:99,2
DA:103,0
DA:107,0
DA:115,6
DA:116,6
DA:120,2
DA:121,2
DA:122,2
DA:134,13
DA:136,13
DA:137,12
DA:138,11
DA:140,9
DA:141,9
DA:143,9
DA:145,8
DA:147,8
DA:148,6
DA:156,2
DA:157,2
DA:159,2
DA:160,2
DA:162,2
DA:163,2
DA:165,2
DA:170,2
DA:179,1
DA:180,1
DA:182,1
DA:183,1
DA:185,1
DA:194,1
DA:195,1
DA:200,1
DA:202,1
DA:203,1
DA:204,1
DA:207,1
DA:211,1
DA:228,4
DA:236,1
DA:238,1
DA:258,1
DA:260,1
DA:262,1
DA:263,1
DA:275,0
DA:286,0
DA:293,0
DA:300,0
DA:301,0
DA:302,0
DA:311,1
DA:333,0
DA:334,0
DA:335,0
DA:337,0
LF:73
LH:61
BRDA:87,1,0,2
BRDA:87,1,1,0
BRDA:95,2,0,2
BRDA:95,2,1,0
BRDA:103,3,0,0
BRDA:103,3,1,0
BRDA:120,4,0,2
BRDA:120,4,1,0
BRDA:136,5,0,12
BRDA:136,5,1,1
BRDA:137,6,0,11
BRDA:137,6,1,1
BRDA:138,7,0,9
BRDA:138,7,1,2
BRDA:147,8,0,6
BRDA:147,8,1,2
BRDA:159,9,0,2
BRDA:159,9,1,0
BRDA:160,10,0,2
BRDA:160,10,1,0
BRDA:165,11,0,2
BRDA:165,11,1,0
BRDA:182,12,0,1
BRDA:182,12,1,0
BRDA:183,13,0,1
BRDA:183,13,1,0
BRDA:200,14,0,1
BRDA:200,14,1,0
BRDA:207,15,0,1
BRDA:207,15,1,0
BRDA:211,16,0,1
BRDA:211,16,1,0
BRDA:236,17,0,1
BRDA:236,17,1,0
BRDA:238,18,0,1
BRDA:238,18,1,0
BRDA:258,19,0,1
BRDA:258,19,1,0
BRF:38
BRH:22
end_of_record
